<?xml version="1.0" encoding="UTF-8"?>
<testng-results ignored="0" total="1" passed="1" failed="0" skipped="0">
  <reporter-output>
  </reporter-output>
  <suite started-at="2025-04-07T16:07:08 IST" name="Default suite" finished-at="2025-04-07T16:07:16 IST" duration-ms="8387">
    <groups>
    </groups>
    <test started-at="2025-04-07T16:07:08 IST" name="Default test" finished-at="2025-04-07T16:07:16 IST" duration-ms="8387">
      <class name="testScript.RemoteWebdriverTest">
        <test-method signature="storiesserach()[pri:0, instance:testScript.RemoteWebdriverTest@13e344d]" started-at="2025-04-07T16:07:08 IST" name="storiesserach" finished-at="2025-04-07T16:07:16 IST" duration-ms="8333" status="PASS">
          <reporter-output>
          </reporter-output>
        </test-method> <!-- storiesserach -->
      </class> <!-- testScript.RemoteWebdriverTest -->
    </test> <!-- Default test -->
  </suite> <!-- Default suite -->
</testng-results>
