<?xml version="1.0" encoding="UTF-8"?>
<testng-results ignored="0" total="1" passed="1" failed="0" skipped="0">
  <reporter-output>
  </reporter-output>
  <suite started-at="2025-03-27T15:39:30 IST" name="Default suite" finished-at="2025-03-27T15:39:38 IST" duration-ms="8449">
    <groups>
    </groups>
    <test started-at="2025-03-27T15:39:30 IST" name="Default test" finished-at="2025-03-27T15:39:38 IST" duration-ms="8449">
      <class name="testScript.Radio_check">
        <test-method signature="raido()[pri:0, instance:testScript.Radio_check@537f60bf]" started-at="2025-03-27T15:39:30 IST" name="raido" finished-at="2025-03-27T15:39:38 IST" duration-ms="8334" status="PASS">
          <reporter-output>
          </reporter-output>
        </test-method> <!-- raido -->
      </class> <!-- testScript.Radio_check -->
    </test> <!-- Default test -->
  </suite> <!-- Default suite -->
</testng-results>
